<?xml version="1.0" encoding="UTF-8"?>
<testsuite xmlns:xsi="http://www.w3.org/2001/XMLSchema-instance" xsi:noNamespaceSchemaLocation="https://maven.apache.org/surefire/maven-failsafe-plugin/xsd/failsafe-test-report-3.0.xsd" version="3.0" name="testrunner.MyStoreTestRunner" time="64.33" tests="1" errors="0" skipped="0" failures="1">
  <properties>
[...]
</properties>
  <testcase name="runScenario" classname="testrunner.MyStoreTestRunner" time="59.603">
    <failure message="no such element: Unable to locate element: {&quot;method&quot;:&quot;xpath&quot;,&quot;selector&quot;:&quot;//h3[contains(text(),&apos;Your personal information&apos;)]&quot;}&#10;  (Session info: MicrosoftEdge=91.0.864.71)&#10;For documentation on this error, please visit: https://www.seleniumhq.org/exceptions/no_such_element.html&#10;Build info: version: &apos;3.141.59&apos;, revision: &apos;e82be7d358&apos;, time: &apos;2018-11-14T08:17:03&apos;&#10;System info: host: &apos;DESKTOP-GAURAV&apos;, ip: &apos;192.168.1.26&apos;, os.name: &apos;Windows 10&apos;, os.arch: &apos;amd64&apos;, os.version: &apos;10.0&apos;, java.version: &apos;1.8.0_121&apos;&#10;Driver info: org.openqa.selenium.edge.EdgeDriver&#10;Capabilities {acceptInsecureCerts: false, browserName: msedge, browserVersion: 91.0.864.71, javascriptEnabled: true, ms:edgeOptions: {debuggerAddress: localhost:59995}, msedge: {msedgedriverVersion: 91.0.864.71 (67485ed0df3354..., userDataDir: C:\Users\Gaurav\AppData\Loc...}, networkConnectionEnabled: false, pageLoadStrategy: normal, platform: WINDOWS, platformName: WINDOWS, proxy: Proxy(), setWindowRect: true, strictFileInteractability: false, timeouts: {implicit: 0, pageLoad: 300000, script: 30000}, unhandledPromptBehavior: dismiss and notify, webauthn:extension:largeBlob: true, webauthn:virtualAuthenticators: true}&#10;Session ID: d5dcefec53b1153bd252e5ad1aed34b4&#10;*** Element info: {Using=xpath, value=//h3[contains(text(),&apos;Your personal information&apos;)]}" type="org.openqa.selenium.NoSuchElementException">org.openqa.selenium.NoSuchElementException: 
no such element: Unable to locate element: {"method":"xpath","selector":"//h3[contains(text(),'Your personal information')]"}
  (Session info: MicrosoftEdge=91.0.864.71)
For documentation on this error, please visit: https://www.seleniumhq.org/exceptions/no_such_element.html
Build info: version: '3.141.59', revision: 'e82be7d358', time: '2018-11-14T08:17:03'
System info: host: 'DESKTOP-GAURAV', ip: '192.168.1.26', os.name: 'Windows 10', os.arch: 'amd64', os.version: '10.0', java.version: '1.8.0_121'
Driver info: org.openqa.selenium.edge.EdgeDriver
Capabilities {acceptInsecureCerts: false, browserName: msedge, browserVersion: 91.0.864.71, javascriptEnabled: true, ms:edgeOptions: {debuggerAddress: localhost:59995}, msedge: {msedgedriverVersion: 91.0.864.71 (67485ed0df3354..., userDataDir: C:\Users\Gaurav\AppData\Loc...}, networkConnectionEnabled: false, pageLoadStrategy: normal, platform: WINDOWS, platformName: WINDOWS, proxy: Proxy(), setWindowRect: true, strictFileInteractability: false, timeouts: {implicit: 0, pageLoad: 300000, script: 30000}, unhandledPromptBehavior: dismiss and notify, webauthn:extension:largeBlob: true, webauthn:virtualAuthenticators: true}
Session ID: d5dcefec53b1153bd252e5ad1aed34b4
*** Element info: {Using=xpath, value=//h3[contains(text(),'Your personal information')]}
</failure>
    <system-out><![CDATA[
@userRegistration @uR
Scenario: My Store User Registration                            # src/test/resource/myStoreFeatures/MyStoreRegistration.feature:5
This will run before the Scenario
browser value is: Edge
Page Title : My Store
  Given Open my store Site                                      # myStoreStepDefinitions.MyStoreUserRegistrationPageSteps.open_my_store_site()
  And Click on Login                                            # myStoreStepDefinitions.MyStoreUserRegistrationPageSteps.click_on_login()
Page Title : Login - My Store
Complete the User Registration.
Create Account Form is Displaying.
  When Verify the section                                       # myStoreStepDefinitions.MyStoreUserRegistrationPageSteps.verify_the_section()
Clicked on Create an Account button!
  And Enter Email Address and click on create an account button # myStoreStepDefinitions.MyStoreUserRegistrationPageSteps.enter_email_address_and_click_on_create_an_account_button()
  And Fill the user Details                                     # myStoreStepDefinitions.MyStoreUserRegistrationPageSteps.fill_the_user_details()
      org.openqa.selenium.NoSuchElementException: no such element: Unable to locate element: {"method":"xpath","selector":"//h3[contains(text(),'Your personal information')]"}
  (Session info: MicrosoftEdge=91.0.864.71)
For documentation on this error, please visit: https://www.seleniumhq.org/exceptions/no_such_element.html
Build info: version: '3.141.59', revision: 'e82be7d358', time: '2018-11-14T08:17:03'
System info: host: 'DESKTOP-GAURAV', ip: '192.168.1.26', os.name: 'Windows 10', os.arch: 'amd64', os.version: '10.0', java.version: '1.8.0_121'
Driver info: org.openqa.selenium.edge.EdgeDriver
Capabilities {acceptInsecureCerts: false, browserName: msedge, browserVersion: 91.0.864.71, javascriptEnabled: true, ms:edgeOptions: {debuggerAddress: localhost:59995}, msedge: {msedgedriverVersion: 91.0.864.71 (67485ed0df3354..., userDataDir: C:\Users\Gaurav\AppData\Loc...}, networkConnectionEnabled: false, pageLoadStrategy: normal, platform: WINDOWS, platformName: WINDOWS, proxy: Proxy(), setWindowRect: true, strictFileInteractability: false, timeouts: {implicit: 0, pageLoad: 300000, script: 30000}, unhandledPromptBehavior: dismiss and notify, webauthn:extension:largeBlob: true, webauthn:virtualAuthenticators: true}
Session ID: d5dcefec53b1153bd252e5ad1aed34b4
*** Element info: {Using=xpath, value=//h3[contains(text(),'Your personal information')]}
	at sun.reflect.NativeConstructorAccessorImpl.newInstance0(Native Method)
	at sun.reflect.NativeConstructorAccessorImpl.newInstance(NativeConstructorAccessorImpl.java:62)
	at sun.reflect.DelegatingConstructorAccessorImpl.newInstance(DelegatingConstructorAccessorImpl.java:45)
	at java.lang.reflect.Constructor.newInstance(Constructor.java:423)
	at org.openqa.selenium.remote.http.W3CHttpResponseCodec.createException(W3CHttpResponseCodec.java:187)
	at org.openqa.selenium.remote.http.W3CHttpResponseCodec.decode(W3CHttpResponseCodec.java:122)
	at org.openqa.selenium.remote.http.W3CHttpResponseCodec.decode(W3CHttpResponseCodec.java:49)
	at org.openqa.selenium.remote.HttpCommandExecutor.execute(HttpCommandExecutor.java:158)
	at org.openqa.selenium.remote.service.DriverCommandExecutor.execute(DriverCommandExecutor.java:83)
	at org.openqa.selenium.remote.RemoteWebDriver.execute(RemoteWebDriver.java:552)
	at org.openqa.selenium.remote.RemoteWebDriver.findElement(RemoteWebDriver.java:323)
	at org.openqa.selenium.remote.RemoteWebDriver.findElementByXPath(RemoteWebDriver.java:428)
	at org.openqa.selenium.By$ByXPath.findElement(By.java:353)
	at org.openqa.selenium.remote.RemoteWebDriver.findElement(RemoteWebDriver.java:315)
	at myStore.pages.MyStoreUserRegistrationPage.getHeaderText(MyStoreUserRegistrationPage.java:70)
	at myStoreStepDefinitions.MyStoreUserRegistrationPageSteps.fill_the_user_details(MyStoreUserRegistrationPageSteps.java:101)
	at âœ½.Fill the user Details(file:///C:/Users/Gaurav/git/HRMSCucumberMavenFramework/HRMS/src/test/resource/myStoreFeatures/MyStoreRegistration.feature:10)

  Then click on Register button                                 # myStoreStepDefinitions.MyStoreUserRegistrationPageSteps.click_on_register_button()

    Embedding My_Store_User_Registration [image/png 47665 bytes]

]]></system-out>
    <system-err><![CDATA[SLF4J: Failed to load class "org.slf4j.impl.StaticLoggerBinder".
SLF4J: Defaulting to no-operation (NOP) logger implementation
SLF4J: See http://www.slf4j.org/codes.html#StaticLoggerBinder for further details.
Starting MSEdgeDriver 91.0.864.71 (67485ed0df3354811a5d83c6e4dff32c79eb8eee) on port 4664
Only local connections are allowed.
Please see https://chromedriver.chromium.org/security-considerations for suggestions on keeping MSEdgeDriver safe.
MSEdgeDriver was started successfully.
Jul 21, 2021 6:04:13 PM org.openqa.selenium.remote.ProtocolHandshake createSession
INFO: Detected dialect: W3C
]]></system-err>
  </testcase>
</testsuite>